C:\Qt\Projects\EntitySystem2\EntitySystem\Debug\cl.command.1.tlog
C:\Qt\Projects\EntitySystem2\EntitySystem\Debug\CL.read.1.tlog
C:\Qt\Projects\EntitySystem2\EntitySystem\Debug\CL.write.1.tlog
C:\QT\PROJECTS\ENTITYSYSTEM2\ENTITYSYSTEM\DEBUG\ENTITYSYSTEM.EXE
C:\QT\PROJECTS\ENTITYSYSTEM2\ENTITYSYSTEM\DEBUG\ENTITYSYSTEM.EXE.EMBED.MANIFEST
C:\QT\PROJECTS\ENTITYSYSTEM2\ENTITYSYSTEM\DEBUG\ENTITYSYSTEM.EXE.EMBED.MANIFEST.RES
C:\QT\PROJECTS\ENTITYSYSTEM2\ENTITYSYSTEM\DEBUG\ENTITYSYSTEM.EXE.INTERMEDIATE.MANIFEST
C:\QT\PROJECTS\ENTITYSYSTEM2\ENTITYSYSTEM\DEBUG\ENTITYSYSTEM.ILK
C:\QT\PROJECTS\ENTITYSYSTEM2\ENTITYSYSTEM\DEBUG\ENTITYSYSTEM.PDB
C:\Qt\Projects\EntitySystem2\EntitySystem\Debug\EntitySystem_manifest.rc
C:\QT\PROJECTS\ENTITYSYSTEM2\ENTITYSYSTEM\DEBUG\HAMMERENTITYSYSTEM.OBJ
C:\Qt\Projects\EntitySystem2\EntitySystem\Debug\link.5332.read.1.tlog
C:\Qt\Projects\EntitySystem2\EntitySystem\Debug\link.5332.write.1.tlog
C:\Qt\Projects\EntitySystem2\EntitySystem\Debug\link.5332-cvtres.read.1.tlog
C:\Qt\Projects\EntitySystem2\EntitySystem\Debug\link.5332-cvtres.write.1.tlog
C:\Qt\Projects\EntitySystem2\EntitySystem\Debug\link.command.1.tlog
C:\Qt\Projects\EntitySystem2\EntitySystem\Debug\link.read.1.tlog
C:\Qt\Projects\EntitySystem2\EntitySystem\Debug\link.write.1.tlog
C:\Qt\Projects\EntitySystem2\EntitySystem\Debug\link-cvtres.read.1.tlog
C:\Qt\Projects\EntitySystem2\EntitySystem\Debug\link-cvtres.write.1.tlog
C:\QT\PROJECTS\ENTITYSYSTEM2\ENTITYSYSTEM\DEBUG\MAIN.OBJ
C:\QT\PROJECTS\ENTITYSYSTEM2\ENTITYSYSTEM\DEBUG\MOVEMENT.OBJ
C:\Qt\Projects\EntitySystem2\EntitySystem\Debug\mt.command.1.tlog
C:\Qt\Projects\EntitySystem2\EntitySystem\Debug\mt.read.1.tlog
C:\Qt\Projects\EntitySystem2\EntitySystem\Debug\mt.write.1.tlog
C:\QT\PROJECTS\ENTITYSYSTEM2\ENTITYSYSTEM\DEBUG\OBSERVED.OBJ
C:\QT\PROJECTS\ENTITYSYSTEM2\ENTITYSYSTEM\DEBUG\POSITION.OBJ
C:\Qt\Projects\EntitySystem2\EntitySystem\Debug\rc.command.1.tlog
C:\Qt\Projects\EntitySystem2\EntitySystem\Debug\rc.read.1.tlog
C:\Qt\Projects\EntitySystem2\EntitySystem\Debug\rc.write.1.tlog
C:\Qt\Projects\EntitySystem2\EntitySystem\Debug\vc100.idb
C:\QT\PROJECTS\ENTITYSYSTEM2\ENTITYSYSTEM\DEBUG\VC100.PDB
