Build started 15/01/2011 05:19:25.
     1>Project "C:\Qt\Projects\EntitySystem2\EntitySystem\EntitySystem.vcxproj" on node 2 (rebuild target(s)).
     1>_PrepareForClean:
         Deleting file "Release\EntitySystem.lastbuildstate".
       InitializeBuildStatus:
         Creating "Release\EntitySystem.unsuccessfulbuild" because "AlwaysCreate" was specified.
       ClCompile:
         C:\Program Files\Microsoft Visual Studio 10.0\VC\bin\CL.exe /c /Zi /nologo /W3 /WX- /MP /Ox /Ob2 /Oi /Ot /Oy- /GL /D WIN32 /D NDEBUG /D _CONSOLE /D PERFORM_PREFETCH /D _UNICODE /D UNICODE /Gm- /EHsc /MD /GS /Gy /arch:SSE2 /fp:precise /Zc:wchar_t /Zc:forScope /Fo"Release\\" /Fd"Release\vc100.pdb" /Gd /TP /analyze- /errorReport:prompt ..\HammerEntitySystem.cpp ..\main.cpp ..\Movement.cpp ..\Observed.cpp
         HammerEntitySystem.cpp
         main.cpp
         Movement.cpp
         Observed.cpp
         C:\Program Files\Microsoft Visual Studio 10.0\VC\bin\CL.exe /c /Zi /nologo /W3 /WX- /MP /O2 /Ob2 /Oi /Ot /Oy /GL /D WIN32 /D NDEBUG /D _CONSOLE /D PERFORM_PREFETCH /D _UNICODE /D UNICODE /GF /Gm- /EHsc /MD /GS- /Gy /arch:SSE2 /fp:fast /Zc:wchar_t /Zc:forScope /Fo"Release\\" /Fd"Release\vc100.pdb" /Gd /TP /analyze- /errorReport:prompt ..\Position.cpp
         Position.cpp
       Link:
         C:\Program Files\Microsoft Visual Studio 10.0\VC\bin\link.exe /ERRORREPORT:PROMPT /OUT:"C:\Qt\Projects\EntitySystem2\EntitySystem\Release\EntitySystem.exe" /INCREMENTAL:NO /NOLOGO kernel32.lib user32.lib gdi32.lib winspool.lib comdlg32.lib advapi32.lib shell32.lib ole32.lib oleaut32.lib uuid.lib odbc32.lib odbccp32.lib /MANIFEST /ManifestFile:"Release\EntitySystem.exe.intermediate.manifest" /MANIFESTUAC:"level='asInvoker' uiAccess='false'" /DEBUG /PDB:"C:\Qt\Projects\EntitySystem2\EntitySystem\Release\EntitySystem.pdb" /SUBSYSTEM:CONSOLE /OPT:REF /OPT:ICF /PGD:"C:\Qt\Projects\EntitySystem2\EntitySystem\Release\EntitySystem.pgd" /LTCG:PGOptimize /TLBID:1 /DYNAMICBASE /NXCOMPAT /IMPLIB:"C:\Qt\Projects\EntitySystem2\EntitySystem\Release\EntitySystem.lib" /MACHINE:X86 Release\HammerEntitySystem.obj
         Release\main.obj
         Release\Movement.obj
         Release\Observed.obj
         Release\Position.obj
         Microsoft (R) Incremental Linker Version 10.00.30319.01
         Copyright (C) Microsoft Corporation.  All rights reserved.
         
         "/OUT:C:\Qt\Projects\EntitySystem2\EntitySystem\Release\EntitySystem.exe" /INCREMENTAL:NO /NOLOGO kernel32.lib user32.lib gdi32.lib winspool.lib comdlg32.lib advapi32.lib shell32.lib ole32.lib oleaut32.lib uuid.lib odbc32.lib odbccp32.lib /MANIFEST "/ManifestFile:Release\EntitySystem.exe.intermediate.manifest" "/MANIFESTUAC:level='asInvoker' uiAccess='false'" /DEBUG "/PDB:C:\Qt\Projects\EntitySystem2\EntitySystem\Release\EntitySystem.pdb" /SUBSYSTEM:CONSOLE /OPT:REF /OPT:ICF "/PGD:C:\Qt\Projects\EntitySystem2\EntitySystem\Release\EntitySystem.pgd" /LTCG:PGOptimize /TLBID:1 /DYNAMICBASE /NXCOMPAT "/IMPLIB:C:\Qt\Projects\EntitySystem2\EntitySystem\Release\EntitySystem.lib" /MACHINE:X86 Release\HammerEntitySystem.obj 
         Release\main.obj 
         Release\Movement.obj 
         Release\Observed.obj 
         Release\Position.obj 
     1>LINK : warning LNK4256: Profile Guided Optimization is not available in this edition of the product; ignoring related options
         Generating code
         Finished generating code
         EntitySystem.vcxproj -> C:\Qt\Projects\EntitySystem2\EntitySystem\Release\EntitySystem.exe
       Manifest:
         C:\Program Files\Microsoft SDKs\Windows\v7.0A\bin\mt.exe /nologo /verbose /outputresource:"C:\Qt\Projects\EntitySystem2\EntitySystem\Release\EntitySystem.exe;#1" /manifest Release\EntitySystem.exe.intermediate.manifest
       FinalizeBuildStatus:
         Deleting file "Release\EntitySystem.unsuccessfulbuild".
         Touching "Release\EntitySystem.lastbuildstate".
     1>Done Building Project "C:\Qt\Projects\EntitySystem2\EntitySystem\EntitySystem.vcxproj" (rebuild target(s)).

Build succeeded.

Time Elapsed 00:00:07.81
