C:\Qt\Projects\EntitySystem2\EntitySystem\Release\CL.1376.read.1.tlog
C:\Qt\Projects\EntitySystem2\EntitySystem\Release\CL.1376.write.1.tlog
C:\Qt\Projects\EntitySystem2\EntitySystem\Release\CL.5140.read.1.tlog
C:\Qt\Projects\EntitySystem2\EntitySystem\Release\CL.5140.write.1.tlog
C:\Qt\Projects\EntitySystem2\EntitySystem\Release\cl.command.1.tlog
C:\Qt\Projects\EntitySystem2\EntitySystem\Release\CL.read.1.tlog
C:\Qt\Projects\EntitySystem2\EntitySystem\Release\cl.write.1.tlog
C:\Qt\Projects\EntitySystem2\EntitySystem\Release\Collidable.obj
C:\QT\PROJECTS\ENTITYSYSTEM2\ENTITYSYSTEM\RELEASE\ENTITYSYSTEM.EXE
C:\QT\PROJECTS\ENTITYSYSTEM2\ENTITYSYSTEM\RELEASE\ENTITYSYSTEM.EXE.INTERMEDIATE.MANIFEST
C:\QT\PROJECTS\ENTITYSYSTEM2\ENTITYSYSTEM\RELEASE\ENTITYSYSTEM.PDB
C:\Qt\Projects\EntitySystem2\EntitySystem\Release\HammerEntitySystem.obj
C:\Qt\Projects\EntitySystem2\EntitySystem\Release\link.command.1.tlog
C:\Qt\Projects\EntitySystem2\EntitySystem\Release\link.read.1.tlog
C:\Qt\Projects\EntitySystem2\EntitySystem\Release\link.write.1.tlog
C:\Qt\Projects\EntitySystem2\EntitySystem\Release\main.obj
C:\Qt\Projects\EntitySystem2\EntitySystem\Release\Movement.obj
C:\Qt\Projects\EntitySystem2\EntitySystem\Release\mt.command.1.tlog
C:\Qt\Projects\EntitySystem2\EntitySystem\Release\mt.read.1.tlog
C:\Qt\Projects\EntitySystem2\EntitySystem\Release\mt.write.1.tlog
C:\Qt\Projects\EntitySystem2\EntitySystem\Release\Observed.obj
C:\QT\PROJECTS\ENTITYSYSTEM2\ENTITYSYSTEM\RELEASE\POSITION.OBJ
C:\QT\PROJECTS\ENTITYSYSTEM2\ENTITYSYSTEM\RELEASE\VC100.PDB
